<?xml version="1.0" encoding="UTF-8" ?>
<testsuite errors="0" failures="0" hostname="YoadLaptop" name="AutoPlayerTest" skipped="0" tests="1" time="0.057" timestamp="2025-06-10T17:18:09">
  <properties>
[...]
</properties>
  <testcase classname="AutoPlayerTest" name="moveTest" time="0.011" />
  <system-out><![CDATA[Player Auto, please enter your move. (enter a value from 1 - 9)
+---+---+---+
|   |   |   |
+---+---+---+
|   |   |   |
+---+---+---+
|   |   |   |
+---+---+---+

Player Auto, please enter your move. (enter a value from 1 - 9)
+---+---+---+
| O | O | O |
+---+---+---+
| O | O | O |
+---+---+---+
| O | O |   |
+---+---+---+

]]></system-out>
  <system-err><![CDATA[]]></system-err>
</testsuite>
